<?xml version="1.0" encoding="UTF-8"?>
<!-- Generated by org.testng.reporters.JUnitReportReporter -->
<testsuite hostname="DESKTOP-O2S7TLH" failures="0" tests="3" name="com.february.DataProvider2" time="0.014" errors="0" timestamp="2022-02-01T13:04:07 BDT" skipped="0">
  <testcase classname="com.february.DataProvider2" name="myPrint" time="0.003"/>
  <system-out/>
  <testcase classname="com.february.DataProvider2" name="myPrint" time="0.002"/>
  <system-out/>
  <testcase classname="com.february.DataProvider2" name="myPrint" time="0.009"/>
  <system-out/>
</testsuite> <!-- com.february.DataProvider2 -->
