<?xml version="1.0" encoding="UTF-8"?>
<!-- Generated by org.testng.reporters.JUnitReportReporter -->
<testsuite hostname="DESKTOP-O2S7TLH" failures="0" tests="2" name="com.february.DataProvider3" time="17.317" errors="0" timestamp="2022-02-01T13:10:09 BDT" skipped="0">
  <testcase classname="com.february.DataProvider3" name="myPrint" time="9.596"/>
  <system-out/>
  <testcase classname="com.february.DataProvider3" name="myPrint" time="7.721"/>
  <system-out/>
</testsuite> <!-- com.february.DataProvider3 -->
