<?xml version="1.0" encoding="UTF-8"?>
<!-- Generated by org.testng.reporters.JUnitReportReporter -->
<testsuite hostname="DESKTOP-O2S7TLH" failures="0" tests="1" name="com.february.Params" time="0.011" errors="0" timestamp="2022-02-01T12:55:54 BDT" skipped="0">
  <testcase classname="com.february.Params" name="sum" time="0.011"/>
  <system-out/>
</testsuite> <!-- com.february.Params -->
