<?xml version="1.0" encoding="UTF-8"?>
<!-- Generated by org.testng.reporters.JUnitReportReporter -->
<testsuite hostname="DESKTOP-O2S7TLH" failures="0" tests="4" name="com.february.DataProvider1" time="0.016" errors="0" timestamp="2022-02-01T13:01:17 BDT" skipped="0">
  <testcase classname="com.february.DataProvider1" name="myPrint" time="0.002"/>
  <system-out/>
  <testcase classname="com.february.DataProvider1" name="myPrint" time="0.002"/>
  <system-out/>
  <testcase classname="com.february.DataProvider1" name="myPrint" time="0.002"/>
  <system-out/>
  <testcase classname="com.february.DataProvider1" name="myPrint" time="0.010"/>
  <system-out/>
</testsuite> <!-- com.february.DataProvider1 -->
