<?xml version="1.0" encoding="UTF-8"?>
<!-- Generated by org.testng.reporters.JUnitReportReporter -->
<testsuite hostname="DESKTOP-O2S7TLH" failures="0" tests="1" name="com.february.HardAssert1" time="0.013" errors="0" timestamp="2022-02-01T14:06:54 BDT" skipped="0">
  <testcase classname="com.february.HardAssert1" name="test2" time="0.013"/>
  <system-out/>
</testsuite> <!-- com.february.HardAssert1 -->
